<?xml version="1.0" encoding="UTF-8"?>
<!-- Generated by org.testng.reporters.JUnitReportReporter -->
<testsuite hostname="Mac.attlocal.net" failures="0" tests="1" name="TestCases.TC001_RegisterAccount" time="2.159" errors="0" timestamp="2025-05-25T16:49:33 PDT" skipped="0">
  <testcase classname="TestCases.TC001_RegisterAccount" name="verifyAccountRegistration" time="2.159"/>
</testsuite> <!-- TestCases.TC001_RegisterAccount -->
